# JRE version: OpenJDK Runtime Environment Temurin-17.0.18+8 (17.0.18+8) (build 17.0.18+8)
# Java VM: OpenJDK 64-Bit Server VM Temurin-17.0.18+8 (17.0.18+8, mixed mode, sharing, tiered, compressed oops, compressed class ptrs, g1 gc, windows-amd64)
GC Precious Log:
 CPUs: 2 total, 2 available
 Memory: 2815M
 Large Page Support: Disabled
 NUMA Support: Disabled
 Compressed Oops: Enabled (Zero based)
 Heap Region Size: 4M
 Heap Min Capacity: 8M
 Heap Initial Capacity: 44M
 Heap Max Capacity: 8G
 Pre-touch: Disabled
 Parallel Workers: 2
 Concurrent Workers: 1
 Concurrent Refinement Workers: 2
 Periodic GC: Disabled
Heap:
 garbage-first heap   total 1105920K, used 233231K [0x0000000600000000, 0x0000000800000000)
  region size 4096K, 1 young (4096K), 1 survivors (4096K)
 Metaspace       used 171001K, committed 172288K, reserved 1245184K
  class space    used 22096K, committed 22720K, reserved 1048576K
GC Heap History (20 events):
Event: 1726.882 GC heap after
{Heap after GC invocations=129 (full 0):
 garbage-first heap   total 921600K, used 217437K [0x0000000600000000, 0x0000000800000000)
  region size 4096K, 2 young (8192K), 2 survivors (8192K)
 Metaspace       used 146053K, committed 147200K, reserved 1179648K
  class space    used 19191K, committed 19712K, reserved 1048576K
}
Event: 1735.231 GC heap before
{Heap before GC invocations=129 (full 0):
 garbage-first heap   total 921600K, used 254301K [0x0000000600000000, 0x0000000800000000)
  region size 4096K, 11 young (45056K), 2 survivors (8192K)
 Metaspace       used 151834K, committed 152960K, reserved 1245184K
  class space    used 19672K, committed 20224K, reserved 1048576K
}
Event: 1735.436 GC heap after
{Heap after GC invocations=130 (full 0):
 garbage-first heap   total 921600K, used 219040K [0x0000000600000000, 0x0000000800000000)
  region size 4096K, 1 young (4096K), 1 survivors (4096K)
 Metaspace       used 151834K, committed 152960K, reserved 1245184K
  class space    used 19672K, committed 20224K, reserved 1048576K
}
Event: 1750.828 GC heap before
{Heap before GC invocations=130 (full 0):
 garbage-first heap   total 921600K, used 260000K [0x0000000600000000, 0x0000000800000000)
  region size 4096K, 11 young (45056K), 1 survivors (4096K)
 Metaspace       used 157076K, committed 158208K, reserved 1245184K
  class space    used 20140K, committed 20672K, reserved 1048576K
}
Event: 1750.849 GC heap after
{Heap after GC invocations=131 (full 0):
 garbage-first heap   total 1105920K, used 220003K [0x0000000600000000, 0x0000000800000000)
  region size 4096K, 2 young (8192K), 2 survivors (8192K)
 Metaspace       used 157076K, committed 158208K, reserved 1245184K
  class space    used 20140K, committed 20672K, reserved 1048576K
}
Event: 1792.854 GC heap before
{Heap before GC invocations=131 (full 0):
 garbage-first heap   total 1105920K, used 265059K [0x0000000600000000, 0x0000000800000000)
  region size 4096K, 13 young (53248K), 2 survivors (8192K)
 Metaspace       used 160164K, committed 161344K, reserved 1245184K
  class space    used 20559K, committed 21120K, reserved 1048576K
}
Event: 1792.972 GC heap after
{Heap after GC invocations=132 (full 0):
 garbage-first heap   total 1105920K, used 222899K [0x0000000600000000, 0x0000000800000000)
  region size 4096K, 2 young (8192K), 2 survivors (8192K)
 Metaspace       used 160164K, committed 161344K, reserved 1245184K
  class space    used 20559K, committed 21120K, reserved 1048576K
}
Event: 1822.895 GC heap before
{Heap before GC invocations=132 (full 0):
 garbage-first heap   total 1105920K, used 267955K [0x0000000600000000, 0x0000000800000000)
  region size 4096K, 13 young (53248K), 2 survivors (8192K)
 Metaspace       used 163524K, committed 164672K, reserved 1245184K
  class space    used 21158K, committed 21696K, reserved 1048576K
}
Event: 1823.016 GC heap after
{Heap after GC invocations=133 (full 0):
 garbage-first heap   total 1105920K, used 223153K [0x0000000600000000, 0x0000000800000000)
  region size 4096K, 2 young (8192K), 2 survivors (8192K)
 Metaspace       used 163524K, committed 164672K, reserved 1245184K
  class space    used 21158K, committed 21696K, reserved 1048576K
}
Event: 1850.132 GC heap before
{Heap before GC invocations=133 (full 0):
 garbage-first heap   total 1105920K, used 268209K [0x0000000600000000, 0x0000000800000000)
  region size 4096K, 13 young (53248K), 2 survivors (8192K)
 Metaspace       used 166921K, committed 168128K, reserved 1245184K
  class space    used 21698K, committed 22272K, reserved 1048576K
}
Event: 1850.455 GC heap after
{Heap after GC invocations=134 (full 0):
 garbage-first heap   total 1105920K, used 225123K [0x0000000600000000, 0x0000000800000000)
  region size 4096K, 2 young (8192K), 2 survivors (8192K)
 Metaspace       used 166921K, committed 168128K, reserved 1245184K
  class space    used 21698K, committed 22272K, reserved 1048576K
}
Event: 1869.715 GC heap before
{Heap before GC invocations=134 (full 0):
 garbage-first heap   total 1105920K, used 266083K [0x0000000600000000, 0x0000000800000000)
  region size 4096K, 13 young (53248K), 2 survivors (8192K)
 Metaspace       used 169752K, committed 171008K, reserved 1245184K
  class space    used 21989K, committed 22592K, reserved 1048576K
}
Event: 1870.350 GC heap after
{Heap after GC invocations=135 (full 0):
 garbage-first heap   total 1105920K, used 228921K [0x0000000600000000, 0x0000000800000000)
  region size 4096K, 2 young (8192K), 2 survivors (8192K)
 Metaspace       used 169752K, committed 171008K, reserved 1245184K
  class space    used 21989K, committed 22592K, reserved 1048576K
}
Event: 1871.446 GC heap before
{Heap before GC invocations=135 (full 0):
 garbage-first heap   total 1105920K, used 269881K [0x0000000600000000, 0x0000000800000000)
  region size 4096K, 13 young (53248K), 2 survivors (8192K)
 Metaspace       used 169810K, committed 171008K, reserved 1245184K
  class space    used 21990K, committed 22592K, reserved 1048576K
}
Event: 1873.367 GC heap after
{Heap after GC invocations=136 (full 0):
 garbage-first heap   total 1105920K, used 230412K [0x0000000600000000, 0x0000000800000000)
  region size 4096K, 2 young (8192K), 2 survivors (8192K)
 Metaspace       used 169810K, committed 171008K, reserved 1245184K
  class space    used 21990K, committed 22592K, reserved 1048576K
}
Event: 1875.410 GC heap before
{Heap before GC invocations=136 (full 0):
 garbage-first heap   total 1105920K, used 271372K [0x0000000600000000, 0x0000000800000000)
  region size 4096K, 13 young (53248K), 2 survivors (8192K)
 Metaspace       used 169880K, committed 171136K, reserved 1245184K
  class space    used 21992K, committed 22592K, reserved 1048576K
}
Event: 1876.557 GC heap after
{Heap after GC invocations=137 (full 0):
 garbage-first heap   total 1105920K, used 232706K [0x0000000600000000, 0x0000000800000000)
  region size 4096K, 2 young (8192K), 2 survivors (8192K)
 Metaspace       used 169880K, committed 171136K, reserved 1245184K
  class space    used 21992K, committed 22592K, reserved 1048576K
}
Event: 1885.692 GC heap before
{Heap before GC invocations=137 (full 0):
 garbage-first heap   total 1105920K, used 273666K [0x0000000600000000, 0x0000000800000000)
  region size 4096K, 13 young (53248K), 2 survivors (8192K)
 Metaspace       used 170870K, committed 172096K, reserved 1245184K
  class space    used 22091K, committed 22656K, reserved 1048576K
}
Event: 1887.630 GC heap after
{Heap after GC invocations=138 (full 0):
 garbage-first heap   total 1105920K, used 232368K [0x0000000600000000, 0x0000000800000000)
  region size 4096K, 1 young (4096K), 1 survivors (4096K)
 Metaspace       used 170870K, committed 172096K, reserved 1245184K
  class space    used 22091K, committed 22656K, reserved 1048576K
}
Event: 1888.995 GC heap before
{Heap before GC invocations=138 (full 0):
 garbage-first heap   total 1105920K, used 281520K [0x0000000600000000, 0x0000000800000000)
  region size 4096K, 13 young (53248K), 1 survivors (4096K)
 Metaspace       used 171001K, committed 172288K, reserved 1245184K
  class space    used 22096K, committed 22720K, reserved 1048576K
}

